<?xml version="1.0" encoding="UTF-8"?>
<!-- Generated by org.testng.reporters.JUnitReportReporter -->
<testsuite hostname="YY207710" name="ICAP.ISP.CTTest" tests="2" failures="0" timestamp="4 Jul 2020 20:08:31 GMT" time="0.000" errors="0">
  <testcase name="saveCTBookMark" time="0.000" classname="ICAP.ISP.CTTest"/>
  <testcase name="loadCTData" time="0.000" classname="ICAP.ISP.CTTest"/>
</testsuite> <!-- ICAP.ISP.CTTest -->
