<?xml version="1.0" encoding="UTF-8"?>
<!-- Generated by org.testng.reporters.JUnitReportReporter -->
<testsuite hostname="YY207710" name="ICAP.ISP.MRTest" tests="2" failures="0" timestamp="4 Jul 2020 20:09:41 GMT" time="0.005" errors="0">
  <testcase name="loadMRData" time="0.005" classname="ICAP.ISP.MRTest"/>
  <testcase name="saveMRBookMark" time="0.000" classname="ICAP.ISP.MRTest"/>
</testsuite> <!-- ICAP.ISP.MRTest -->
