<?xml version="1.0" encoding="UTF-8"?>
<!-- Generated by org.testng.reporters.JUnitReportReporter -->
<testsuite hostname="YY207710" name="ICAP.ISP.NMTest" tests="2" failures="0" timestamp="4 Jul 2020 20:09:41 GMT" time="0.001" errors="0">
  <testcase name="loadNMData" time="0.001" classname="ICAP.ISP.NMTest"/>
  <testcase name="saveNMBookMark" time="0.000" classname="ICAP.ISP.NMTest"/>
</testsuite> <!-- ICAP.ISP.NMTest -->
